RallyeSoft/proguard.txt
-optimizations !code/allocation/variable
-dontobfuscate

-keep class * extends java.util.ListResourceBundle {
    protected Object[][] getContents();
}

-keep public class com.google.android.gms.common.internal.safeparcel.SafeParcelable {
    public static final *** NULL;
}

-keepnames @com.google.android.gms.common.annotation.KeepName class *
-keepclassmembernames class * {
    @com.google.android.gms.common.annotation.KeepName *;
}

-keepnames class * implements android.os.Parcelable {
    public static final ** CREATOR;
}

-keep class * extends java.util.ListResourceBundle {
    protected Object[][] getContents();
}
-keep class android.support.v4.app.** { *; }
-keep interface android.support.v4.app.** { *; }

-keep class retrofit.** { *; }

-keepattributes *Annotation*

-dontwarn retrofit.client.OkClient**
-dontwarn retrofit.appengine.**
-dontwarn retrofit.RxSupport**
-dontwarn com.fasterxml.jackson.databind.ext.DOMSerializer
-dontwarn retrofit.RestMethodInfo$RxSupport