RallyeSoft/proguard/seeds.txt
de.stadtrallye.rallyesoft.GCMIntentService
de.stadtrallye.rallyesoft.GCMIntentService: GCMIntentService()
de.stadtrallye.rallyesoft.GameMapActivity
de.stadtrallye.rallyesoft.GameMapActivity: GameMapActivity()
de.stadtrallye.rallyesoft.ImageViewActivity
de.stadtrallye.rallyesoft.ImageViewActivity: ImageViewActivity()
de.stadtrallye.rallyesoft.MainActivity
de.stadtrallye.rallyesoft.MainActivity: MainActivity()
de.stadtrallye.rallyesoft.R$array: int dashboard_entries
de.stadtrallye.rallyesoft.R$array: int tabs
de.stadtrallye.rallyesoft.R$attr: int actionBarDivider
de.stadtrallye.rallyesoft.R$attr: int actionBarItemBackground
de.stadtrallye.rallyesoft.R$attr: int actionBarSize
de.stadtrallye.rallyesoft.R$attr: int actionBarSplitStyle
de.stadtrallye.rallyesoft.R$attr: int actionBarStyle
de.stadtrallye.rallyesoft.R$attr: int actionBarTabBarStyle
de.stadtrallye.rallyesoft.R$attr: int actionBarTabStyle
de.stadtrallye.rallyesoft.R$attr: int actionBarTabTextStyle
de.stadtrallye.rallyesoft.R$attr: int actionBarWidgetTheme
de.stadtrallye.rallyesoft.R$attr: int actionButtonStyle
de.stadtrallye.rallyesoft.R$attr: int actionDropDownStyle
de.stadtrallye.rallyesoft.R$attr: int actionMenuTextAppearance
de.stadtrallye.rallyesoft.R$attr: int actionMenuTextColor
de.stadtrallye.rallyesoft.R$attr: int actionModeBackground
de.stadtrallye.rallyesoft.R$attr: int actionModeCloseButtonStyle
de.stadtrallye.rallyesoft.R$attr: int actionModeCloseDrawable
de.stadtrallye.rallyesoft.R$attr: int actionModePopupWindowStyle
de.stadtrallye.rallyesoft.R$attr: int actionModeShareDrawable
de.stadtrallye.rallyesoft.R$attr: int actionModeSplitBackground
de.stadtrallye.rallyesoft.R$attr: int actionModeStyle
de.stadtrallye.rallyesoft.R$attr: int actionOverflowButtonStyle
de.stadtrallye.rallyesoft.R$attr: int actionSpinnerItemStyle
de.stadtrallye.rallyesoft.R$attr: int activatedBackgroundIndicator
de.stadtrallye.rallyesoft.R$attr: int activityChooserViewStyle
de.stadtrallye.rallyesoft.R$attr: int background
de.stadtrallye.rallyesoft.R$bool: int abs__action_bar_embed_tabs
de.stadtrallye.rallyesoft.R$bool: int abs__action_bar_expanded_action_views_exclusive
de.stadtrallye.rallyesoft.R$bool: int abs__config_actionMenuItemAllCaps
de.stadtrallye.rallyesoft.R$bool: int abs__config_allowActionMenuItemTextWithIcon
de.stadtrallye.rallyesoft.R$bool: int abs__config_showMenuShortcutsWhenKeyboardPresent
de.stadtrallye.rallyesoft.R$bool: int abs__split_action_bar_is_narrow
de.stadtrallye.rallyesoft.R$bool: int default_circle_indicator_centered
de.stadtrallye.rallyesoft.R$bool: int default_circle_indicator_snap
de.stadtrallye.rallyesoft.R$bool: int default_line_indicator_centered
de.stadtrallye.rallyesoft.R$bool: int default_title_indicator_selected_bold
de.stadtrallye.rallyesoft.R$bool: int default_underline_indicator_fades
...
com.google.inject.internal.util.$AbstractIterator$State: com.google.inject.internal.util.$AbstractIterator$State[] values()
com.google.inject.internal.util.$AbstractIterator$State: com.google.inject.internal.util.$AbstractIterator$State valueOf(java.lang.String)
com.google.inject.internal.util.$MapMaker$Strength: com.google.inject.internal.util.$MapMaker$Strength[] values()
com.google.inject.internal.util.$MapMaker$Strength: com.google.inject.internal.util.$MapMaker$Strength valueOf(java.lang.String)
com.google.inject.spi.InjectionPoint$Position: com.google.inject.spi.InjectionPoint$Position[] values()
com.google.inject.spi.InjectionPoint$Position: com.google.inject.spi.InjectionPoint$Position valueOf(java.lang.String)
com.nostra13.universalimageloader.core.assist.FailReason: com.nostra13.universalimageloader.core.assist.FailReason[] values()
com.nostra13.universalimageloader.core.assist.FailReason: com.nostra13.universalimageloader.core.assist.FailReason valueOf(java.lang.String)
com.nostra13.universalimageloader.core.assist.ImageScaleType: com.nostra13.universalimageloader.core.assist.ImageScaleType[] values()
com.nostra13.universalimageloader.core.assist.ImageScaleType: com.nostra13.universalimageloader.core.assist.ImageScaleType valueOf(java.lang.String)
com.nostra13.universalimageloader.core.assist.QueueProcessingType: com.nostra13.universalimageloader.core.assist.QueueProcessingType[] values()
com.nostra13.universalimageloader.core.assist.QueueProcessingType: com.nostra13.universalimageloader.core.assist.QueueProcessingType valueOf(java.lang.String)
com.nostra13.universalimageloader.core.assist.ViewScaleType: com.nostra13.universalimageloader.core.assist.ViewScaleType[] values()
com.nostra13.universalimageloader.core.assist.ViewScaleType: com.nostra13.universalimageloader.core.assist.ViewScaleType valueOf(java.lang.String)
com.slidingmenu.lib.CustomViewAbove: void setCurrentItem(int)
com.slidingmenu.lib.CustomViewAbove: int getCurrentItem()
com.slidingmenu.lib.CustomViewAbove: void setOnPageChangeListener(com.slidingmenu.lib.CustomViewAbove$OnPageChangeListener)
com.slidingmenu.lib.CustomViewAbove: void setOnOpenedListener(com.slidingmenu.lib.SlidingMenu$OnOpenedListener)
com.slidingmenu.lib.CustomViewAbove: void setOnClosedListener(com.slidingmenu.lib.SlidingMenu$OnClosedListener)
com.slidingmenu.lib.CustomViewAbove: int getLeftBound()
com.slidingmenu.lib.CustomViewAbove: int getRightBound()
com.slidingmenu.lib.CustomViewAbove: int getContentLeft()
com.slidingmenu.lib.CustomViewAbove: int getBehindWidth()
com.slidingmenu.lib.CustomViewAbove: void setSlidingEnabled(boolean)
com.slidingmenu.lib.CustomViewAbove: void setContent(android.view.View)
com.slidingmenu.lib.CustomViewAbove: android.view.View getContent()
com.slidingmenu.lib.CustomViewAbove: void setCustomViewBehind(com.slidingmenu.lib.CustomViewBehind)
com.slidingmenu.lib.CustomViewAbove: void setAboveOffset(int)
com.slidingmenu.lib.CustomViewAbove: void setTouchMode(int)
com.slidingmenu.lib.CustomViewAbove: int getTouchMode()
com.slidingmenu.lib.CustomViewAbove: float getPercentOpen()
com.slidingmenu.lib.CustomViewAbove: void setSelectorEnabled(boolean)
com.slidingmenu.lib.CustomViewAbove: void setSelectedView(android.view.View)
com.slidingmenu.lib.CustomViewAbove: int getSelectedTop()