RallyeSoft/proguard/mapping.txt
de.stadtrallye.rallyesoft.GCMIntentService -> de.stadtrallye.rallyesoft.GCMIntentService:
    android.content.SharedPreferences pref -> c
    android.app.NotificationManager notes -> d
    void onCreate() -> onCreate
    void onMessage(android.content.Context,android.content.Intent) -> a
    void onError(android.content.Context,java.lang.String) -> b
    void onRegistered(android.content.Context,java.lang.String) -> c
    void onUnregistered(android.content.Context,java.lang.String) -> d
de.stadtrallye.rallyesoft.GameMapActivity -> de.stadtrallye.rallyesoft.GameMapActivity:
    de.stadtrallye.rallyesoft.communications.RallyePull pull -> a
    void onCreate(android.os.Bundle) -> onCreate
    boolean onOptionsItemSelected(com.actionbarsherlock.view.MenuItem) -> a
    boolean isRouteDisplayed() -> isRouteDisplayed
    void onTaskFinished(java.util.List) -> a
    void onTaskFinished(java.lang.Object) -> a
de.stadtrallye.rallyesoft.GameMapActivity$RallyeOverlay -> de.stadtrallye.rallyesoft.a:
    android.content.Context context -> b
    java.util.List nodes -> c
    de.stadtrallye.rallyesoft.GameMapActivity this$0 -> a
    com.google.android.maps.OverlayItem createItem(int) -> createItem
    int size() -> size
    boolean onTap(int) -> onTap
de.stadtrallye.rallyesoft.IModelActivity -> de.stadtrallye.rallyesoft.b:
    de.stadtrallye.rallyesoft.model.Model getModel() -> a
de.stadtrallye.rallyesoft.IProgressUI -> de.stadtrallye.rallyesoft.c:
    void activateProgressAnimation() -> b
    void deactivateProgressAnimation() -> c
de.stadtrallye.rallyesoft.ImageViewActivity -> de.stadtrallye.rallyesoft.ImageViewActivity:
    android.widget.ImageView img -> a
    int chatroom -> b
    int imgID -> c
    android.content.SharedPreferences config -> d
    de.stadtrallye.rallyesoft.model.Model model -> e
    void onCreate(android.os.Bundle) -> onCreate
    boolean onCreateOptionsMenu(com.actionbarsherlock.view.Menu) -> a
    boolean onOptionsItemSelected(com.actionbarsherlock.view.MenuItem) -> a
de.stadtrallye.rallyesoft.MainActivity -> de.stadtrallye.rallyesoft.MainActivity:
    de.stadtrallye.rallyesoft.model.Model model -> n
    boolean progressCircle -> o
    int lastTab -> p
    android.content.SharedPreferences config -> q
    java.util.ArrayList tabs -> r
    void onCreate(android.os.Bundle) -> onCreate
    void onStart() -> onStart
    void getOverflowMenu() -> k
    void onItemClick(android.widget.AdapterView,android.view.View,int,long) -> onItemClick
    boolean onNavigationItemSelected(int,long) -> a
    boolean onSwitchTab(int,long) -> b
    void onSaveInstanceState(android.os.Bundle) -> onSaveInstanceState
    boolean onCreateOptionsMenu(com.actionbarsherlock.view.Menu) -> a
    boolean onPrepareOptionsMenu(com.actionbarsherlock.view.Menu) -> b
    boolean onOptionsItemSelected(com.actionbarsherlock.view.MenuItem) -> a
    void onDestroy() -> onDestroy
    void onActivityResult(int,int,android.content.Intent) -> onActivityResult
    void onModelFinished(int,java.lang.Boolean) -> a
    void onDialogPositiveClick(de.stadtrallye.rallyesoft.fragments.LoginDialogFragment,java.lang.String,int,java.lang.String) -> a
    void onDialogNegativeClick(de.stadtrallye.rallyesoft.fragments.LoginDialogFragment) -> a
    de.stadtrallye.rallyesoft.model.Model getModel() -> a
    void activateProgressAnimation() -> b
    void deactivateProgressAnimation() -> c
    void onConnectionStatusChange(boolean) -> c
    void onModelFinished(int,java.lang.Object) -> a
de.stadtrallye.rallyesoft.MainActivity$FragmentHandler -> de.stadtrallye.rallyesoft.d:
    java.lang.String tag -> b
    java.lang.Class clz -> c
    android.os.Bundle arg -> d
    de.stadtrallye.rallyesoft.MainActivity this$0 -> a
    android.support.v4.app.Fragment getFragment() -> a
    java.lang.String getTag() -> b
de.stadtrallye.rallyesoft.async.IAsyncFinished -> de.stadtrallye.rallyesoft.a.a:
    void onAsyncFinished(int,de.stadtrallye.rallyesoft.communications.UniPush) -> a
...
android.support.v4.app.FragmentManagerState$1 -> android.support.v4.app.u:
    android.support.v4.app.FragmentManagerState createFromParcel(android.os.Parcel) -> a
    android.support.v4.app.FragmentManagerState[] newArray(int) -> a
    java.lang.Object createFromParcel(android.os.Parcel) -> createFromParcel
    java.lang.Object[] newArray(int) -> newArray
android.support.v4.app.FragmentPagerAdapter -> android.support.v4.app.v:
    android.support.v4.app.FragmentManager mFragmentManager -> a
    android.support.v4.app.FragmentTransaction mCurTransaction -> b
    android.support.v4.app.Fragment mCurrentPrimaryItem -> c
    android.support.v4.app.Fragment getItem(int) -> a
    void startUpdate(android.view.ViewGroup) -> a
    java.lang.Object instantiateItem(android.view.ViewGroup,int) -> a
    void destroyItem(android.view.ViewGroup,int,java.lang.Object) -> a
    void setPrimaryItem(android.view.ViewGroup,int,java.lang.Object) -> b
    void finishUpdate(android.view.ViewGroup) -> b
    boolean isViewFromObject(android.view.View,java.lang.Object) -> a
    android.os.Parcelable saveState() -> a
    void restoreState(android.os.Parcelable,java.lang.ClassLoader) -> a
    long getItemId(int) -> b
    java.lang.String makeFragmentName(int,long) -> a
android.support.v4.app.FragmentState -> android.support.v4.app.FragmentState:
    java.lang.String mClassName -> a
    int mIndex -> b
    boolean mFromLayout -> c
    int mFragmentId -> d
    int mContainerId -> e
    java.lang.String mTag -> f
    boolean mRetainInstance -> g
    boolean mDetached -> h
    android.os.Bundle mArguments -> i
    android.os.Bundle mSavedFragmentState -> j
    android.support.v4.app.Fragment mInstance -> k
    android.os.Parcelable$Creator CREATOR -> CREATOR
    android.support.v4.app.Fragment instantiate(android.support.v4.app.FragmentActivity,android.support.v4.app.Fragment) -> a
    int describeContents() -> describeContents
    void writeToParcel(android.os.Parcel,int) -> writeToParcel
android.support.v4.app.FragmentState$1 -> android.support.v4.app.w:
    android.support.v4.app.FragmentState createFromParcel(android.os.Parcel) -> a
    android.support.v4.app.FragmentState[] newArray(int) -> a
    java.lang.Object createFromParcel(android.os.Parcel) -> createFromParcel
    java.lang.Object[] newArray(int) -> newArray
android.support.v4.app.FragmentTabHost -> android.support.v4.app.FragmentTabHost:
    java.util.ArrayList mTabs -> a
    android.content.Context mContext -> b
    android.support.v4.app.FragmentManager mFragmentManager -> c
    int mContainerId -> d
    android.widget.TabHost$OnTabChangeListener mOnTabChangeListener -> e
    android.support.v4.app.FragmentTabHost$TabInfo mLastTab -> f
    boolean mAttached -> g
    void setup() -> setup
    void setOnTabChangedListener(android.widget.TabHost$OnTabChangeListener) -> setOnTabChangedListener
    void onAttachedToWindow() -> onAttachedToWindow
    void onDetachedFromWindow() -> onDetachedFromWindow
    android.os.Parcelable onSaveInstanceState() -> onSaveInstanceState
    void onRestoreInstanceState(android.os.Parcelable) -> onRestoreInstanceState
    void onTabChanged(java.lang.String) -> onTabChanged
    android.support.v4.app.FragmentTransaction doTabChanged(java.lang.String,android.support.v4.app.FragmentTransaction) -> a
android.support.v4.app.FragmentTabHost$SavedState -> android.support.v4.app.FragmentTabHost$SavedState:
    java.lang.String curTab -> a
    android.os.Parcelable$Creator CREATOR -> CREATOR
    void writeToParcel(android.os.Parcel,int) -> writeToParcel
    java.lang.String toString() -> toString
android.support.v4.app.FragmentTabHost$SavedState$1 -> android.support.v4.app.x:
    android.support.v4.app.FragmentTabHost$SavedState createFromParcel(android.os.Parcel) -> a
    android.support.v4.app.FragmentTabHost$SavedState[] newArray(int) -> a
    java.lang.Object createFromParcel(android.os.Parcel) -> createFromParcel
    java.lang.Object[] newArray(int) -> newArray