RallyeSoft/proguard/usage.txt
de.stadtrallye.rallyesoft.BuildConfig
de.stadtrallye.rallyesoft.Config
de.stadtrallye.rallyesoft.GameMapActivity:
    139:139:public void displayOverlay(java.util.List)
de.stadtrallye.rallyesoft.MainActivity:
    private static final int TASK_LOGOUT
    private static final int TASK_LOGIN
    public static final int TASK_CHECK
    public de.stadtrallye.rallyesoft.communications.PushService push
de.stadtrallye.rallyesoft.MainActivity$FragmentHandler:
    166:166:public android.os.Bundle getArguments()
de.stadtrallye.rallyesoft.Manifest
de.stadtrallye.rallyesoft.Manifest$permission
de.stadtrallye.rallyesoft.R
de.stadtrallye.rallyesoft.R$array
de.stadtrallye.rallyesoft.R$attr
de.stadtrallye.rallyesoft.R$bool
de.stadtrallye.rallyesoft.R$color
de.stadtrallye.rallyesoft.R$dimen
de.stadtrallye.rallyesoft.R$drawable
de.stadtrallye.rallyesoft.R$id
de.stadtrallye.rallyesoft.R$integer
de.stadtrallye.rallyesoft.R$layout
de.stadtrallye.rallyesoft.R$menu
de.stadtrallye.rallyesoft.R$string
de.stadtrallye.rallyesoft.R$style
de.stadtrallye.rallyesoft.R$styleable
de.stadtrallye.rallyesoft.async.PullMap:
    private static final java.lang.String err
de.stadtrallye.rallyesoft.communications.Pull:
    48:49:public static void enableDebugLogging()
de.stadtrallye.rallyesoft.communications.Pull$PendingRequest:
    private de.stadtrallye.rallyesoft.communications.Pull$RequestResponse responseType
    67:67:public de.stadtrallye.rallyesoft.communications.Pull$RequestResponse getResponseType()
    71:72:public void setResponseType(de.stadtrallye.rallyesoft.communications.Pull$RequestResponse)
de.stadtrallye.rallyesoft.communications.Pull$Request:
    177:177:public org.json.JSONObject getJSONObject()
de.stadtrallye.rallyesoft.communications.Pull$RequestResponse
de.stadtrallye.rallyesoft.communications.PushService:
    10:10:public PushService()
    27:27:public static java.lang.String getID(android.content.Context)
de.stadtrallye.rallyesoft.communications.RallyePull:
    private static final java.lang.String GCM
    private static final java.lang.String TIMESTAMP
    private static final java.lang.String CHATROOM
    private static final java.lang.String PASSWORD
    private static final java.lang.String GROUP
    89:103:public org.json.JSONArray pullChats(int,int)
de.stadtrallye.rallyesoft.communications.UniPush:
    34:35:public static void enableDebugLogging()
de.stadtrallye.rallyesoft.exceptions.Err:
    7:7:public Err()
    10:10:public static de.stadtrallye.rallyesoft.exceptions.RestException postError()
de.stadtrallye.rallyesoft.exceptions.HttpResponseException:
    private static final long serialVersionUID
de.stadtrallye.rallyesoft.exceptions.RestException:
    private static final long serialVersionUID
de.stadtrallye.rallyesoft.fragments.ChatroomFragment:
    private static final java.lang.String LAST_POS
    private static final int TASK_CHAT
de.stadtrallye.rallyesoft.fragments.ChatsFragment$ChatFragmentAdapter:
    private static final java.lang.String FRAGMENT_TITLE
de.stadtrallye.rallyesoft.fragments.DummyFragment:
    public static final java.lang.String LAYOUT
de.stadtrallye.rallyesoft.fragments.OverviewFragment:
    private static final int TASK_CHECK_STATUS
de.stadtrallye.rallyesoft.fragments.TurnFragment
de.stadtrallye.rallyesoft.model.Model:
    private static final java.lang.String CHATROOMS
    326:328:public static void enableDebugLogging()
...
android.support.v4.app.ShareCompat$IntentBuilder
android.support.v4.app.ShareCompat$IntentReader
android.support.v4.app.ShareCompat$ShareCompatImpl
android.support.v4.app.ShareCompat$ShareCompatImplBase
android.support.v4.app.ShareCompat$ShareCompatImplICS
android.support.v4.app.ShareCompat$ShareCompatImplJB
android.support.v4.app.ShareCompatICS
android.support.v4.app.ShareCompatJB
android.support.v4.app.TaskStackBuilder
android.support.v4.app.TaskStackBuilder$TaskStackBuilderImpl
android.support.v4.app.TaskStackBuilder$TaskStackBuilderImplBase
android.support.v4.app.TaskStackBuilder$TaskStackBuilderImplHoneycomb
android.support.v4.app.TaskStackBuilder$TaskStackBuilderImplJellybean
android.support.v4.app.TaskStackBuilderHoneycomb
android.support.v4.app.TaskStackBuilderJellybean
android.support.v4.app.Watson:
    private static final boolean DEBUG
    private static final java.lang.String TAG
android.support.v4.content.AsyncTaskLoader
android.support.v4.content.AsyncTaskLoader$LoadTask
android.support.v4.content.ContextCompat
android.support.v4.content.ContextCompatHoneycomb
android.support.v4.content.ContextCompatJellybean
android.support.v4.content.CursorLoader
android.support.v4.content.IntentCompat:
    public static final java.lang.String ACTION_EXTERNAL_APPLICATIONS_AVAILABLE
    public static final java.lang.String ACTION_EXTERNAL_APPLICATIONS_UNAVAILABLE
    public static final java.lang.String EXTRA_CHANGED_PACKAGE_LIST
    public static final java.lang.String EXTRA_CHANGED_UID_LIST
    public static final java.lang.String EXTRA_HTML_TEXT
    public static final int FLAG_ACTIVITY_TASK_ON_HOME
    public static final int FLAG_ACTIVITY_CLEAR_TASK
    95:97:private IntentCompat()
    249:249:public static android.content.Intent makeMainSelectorActivity(java.lang.String,java.lang.String)
    266:266:public static android.content.Intent makeRestartActivityTask(android.content.ComponentName)
android.support.v4.content.IntentCompat$IntentCompatImpl:
    public abstract android.content.Intent makeMainSelectorActivity(java.lang.String,java.lang.String)
    public abstract android.content.Intent makeRestartActivityTask(android.content.ComponentName)
android.support.v4.content.IntentCompat$IntentCompatImplBase:
    51:53:public android.content.Intent makeMainSelectorActivity(java.lang.String,java.lang.String)
    58:61:public android.content.Intent makeRestartActivityTask(android.content.ComponentName)
android.support.v4.content.IntentCompat$IntentCompatImplHC:
    72:72:public android.content.Intent makeRestartActivityTask(android.content.ComponentName)
android.support.v4.content.IntentCompat$IntentCompatImplIcsMr1:
    79:79:public android.content.Intent makeMainSelectorActivity(java.lang.String,java.lang.String)
android.support.v4.content.IntentCompatHoneycomb:
    22:22:IntentCompatHoneycomb()
    28:28:public static android.content.Intent makeRestartActivityTask(android.content.ComponentName)
android.support.v4.content.IntentCompatIcsMr1
android.support.v4.content.Loader:
    android.content.Context mContext
    90:92:public Loader(android.content.Context)
    102:105:public void deliverResult(java.lang.Object)
    111:111:public android.content.Context getContext()
    118:118:public int getId()
    157:157:public boolean isStarted()
    166:166:public boolean isAbandoned()
    175:175:public boolean isReset()
    217:218:public void forceLoad()
    225:225:protected void onForceLoad()
    261:263:public void abandon()
    275:275:protected void onAbandon()
    312:314:public boolean takeContentChanged()
    326:334:public void onContentChanged()
android.support.v4.content.Loader$ForceLoadContentObserver
android.support.v4.content.Loader$OnLoadCompleteListener:
    public abstract void onLoadComplete(android.support.v4.content.Loader,java.lang.Object)
android.support.v4.content.LocalBroadcastManager
android.support.v4.content.LocalBroadcastManager$1
android.support.v4.content.LocalBroadcastManager$BroadcastRecord